{"C:\\Users\\ludat\\Desktop\\RS School NodeJS Course\\Task 1. Ciphering CLI tool\\task1\\src\\arguments.js": {"path":"C:\\Users\\ludat\\Desktop\\RS School NodeJS Course\\Task 1. Ciphering CLI tool\\task1\\src\\arguments.js","statementMap":{"0":{"start":{"line":1,"column":11},"end":{"line":1,"column":24}},"1":{"start":{"line":2,"column":10},"end":{"line":2,"column":31}},"2":{"start":{"line":4,"column":25},"end":{"line":12,"column":1}},"3":{"start":{"line":5,"column":20},"end":{"line":5,"column":38}},"4":{"start":{"line":7,"column":4},"end":{"line":11,"column":5}},"5":{"start":{"line":7,"column":16},"end":{"line":7,"column":17}},"6":{"start":{"line":8,"column":8},"end":{"line":10,"column":9}},"7":{"start":{"line":9,"column":12},"end":{"line":9,"column":31}},"8":{"start":{"line":14,"column":24},"end":{"line":19,"column":1}},"9":{"start":{"line":15,"column":4},"end":{"line":18,"column":5}},"10":{"start":{"line":16,"column":8},"end":{"line":16,"column":100}},"11":{"start":{"line":17,"column":8},"end":{"line":17,"column":24}},"12":{"start":{"line":21,"column":0},"end":{"line":21,"column":20}},"13":{"start":{"line":23,"column":13},"end":{"line":23,"column":15}},"14":{"start":{"line":29,"column":29},"end":{"line":38,"column":1}},"15":{"start":{"line":30,"column":4},"end":{"line":30,"column":53}},"16":{"start":{"line":30,"column":42},"end":{"line":30,"column":53}},"17":{"start":{"line":32,"column":4},"end":{"line":36,"column":5}},"18":{"start":{"line":33,"column":8},"end":{"line":35,"column":9}},"19":{"start":{"line":34,"column":12},"end":{"line":34,"column":23}},"20":{"start":{"line":37,"column":4},"end":{"line":37,"column":16}},"21":{"start":{"line":41,"column":0},"end":{"line":61,"column":1}},"22":{"start":{"line":42,"column":4},"end":{"line":44,"column":5}},"23":{"start":{"line":42,"column":17},"end":{"line":42,"column":18}},"24":{"start":{"line":43,"column":8},"end":{"line":43,"column":35}},"25":{"start":{"line":46,"column":4},"end":{"line":46,"column":44}},"26":{"start":{"line":47,"column":4},"end":{"line":47,"column":28}},"27":{"start":{"line":48,"column":4},"end":{"line":48,"column":29}},"28":{"start":{"line":50,"column":4},"end":{"line":53,"column":5}},"29":{"start":{"line":51,"column":8},"end":{"line":51,"column":64}},"30":{"start":{"line":52,"column":8},"end":{"line":52,"column":24}},"31":{"start":{"line":55,"column":4},"end":{"line":60,"column":5}},"32":{"start":{"line":55,"column":16},"end":{"line":55,"column":17}},"33":{"start":{"line":56,"column":8},"end":{"line":59,"column":9}},"34":{"start":{"line":57,"column":12},"end":{"line":57,"column":68}},"35":{"start":{"line":58,"column":12},"end":{"line":58,"column":28}},"36":{"start":{"line":63,"column":26},"end":{"line":79,"column":1}},"37":{"start":{"line":64,"column":4},"end":{"line":73,"column":5}},"38":{"start":{"line":65,"column":8},"end":{"line":65,"column":66}},"39":{"start":{"line":69,"column":8},"end":{"line":72,"column":9}},"40":{"start":{"line":70,"column":12},"end":{"line":70,"column":61}},"41":{"start":{"line":81,"column":0},"end":{"line":81,"column":28}},"42":{"start":{"line":85,"column":0},"end":{"line":93,"column":1}}},"fnMap":{"0":{"name":"(anonymous_0)","decl":{"start":{"line":4,"column":25},"end":{"line":4,"column":26}},"loc":{"start":{"line":4,"column":34},"end":{"line":12,"column":1}},"line":4},"1":{"name":"(anonymous_1)","decl":{"start":{"line":14,"column":24},"end":{"line":14,"column":25}},"loc":{"start":{"line":14,"column":33},"end":{"line":19,"column":1}},"line":14},"2":{"name":"(anonymous_2)","decl":{"start":{"line":29,"column":29},"end":{"line":29,"column":30}},"loc":{"start":{"line":29,"column":39},"end":{"line":38,"column":1}},"line":29},"3":{"name":"(anonymous_3)","decl":{"start":{"line":63,"column":26},"end":{"line":63,"column":27}},"loc":{"start":{"line":63,"column":36},"end":{"line":79,"column":1}},"line":63}},"branchMap":{"0":{"loc":{"start":{"line":8,"column":8},"end":{"line":10,"column":9}},"type":"if","locations":[{"start":{"line":8,"column":8},"end":{"line":10,"column":9}},{"start":{},"end":{}}],"line":8},"1":{"loc":{"start":{"line":15,"column":4},"end":{"line":18,"column":5}},"type":"if","locations":[{"start":{"line":15,"column":4},"end":{"line":18,"column":5}},{"start":{},"end":{}}],"line":15},"2":{"loc":{"start":{"line":30,"column":4},"end":{"line":30,"column":53}},"type":"if","locations":[{"start":{"line":30,"column":4},"end":{"line":30,"column":53}},{"start":{},"end":{}}],"line":30},"3":{"loc":{"start":{"line":30,"column":7},"end":{"line":30,"column":40}},"type":"binary-expr","locations":[{"start":{"line":30,"column":7},"end":{"line":30,"column":24}},{"start":{"line":30,"column":28},"end":{"line":30,"column":40}}],"line":30},"4":{"loc":{"start":{"line":32,"column":4},"end":{"line":36,"column":5}},"type":"if","locations":[{"start":{"line":32,"column":4},"end":{"line":36,"column":5}},{"start":{},"end":{}}],"line":32},"5":{"loc":{"start":{"line":32,"column":7},"end":{"line":32,"column":39}},"type":"binary-expr","locations":[{"start":{"line":32,"column":7},"end":{"line":32,"column":21}},{"start":{"line":32,"column":25},"end":{"line":32,"column":39}}],"line":32},"6":{"loc":{"start":{"line":33,"column":8},"end":{"line":35,"column":9}},"type":"if","locations":[{"start":{"line":33,"column":8},"end":{"line":35,"column":9}},{"start":{},"end":{}}],"line":33},"7":{"loc":{"start":{"line":33,"column":11},"end":{"line":33,"column":39}},"type":"binary-expr","locations":[{"start":{"line":33,"column":11},"end":{"line":33,"column":23}},{"start":{"line":33,"column":27},"end":{"line":33,"column":39}}],"line":33},"8":{"loc":{"start":{"line":41,"column":0},"end":{"line":61,"column":1}},"type":"if","locations":[{"start":{"line":41,"column":0},"end":{"line":61,"column":1}},{"start":{},"end":{}}],"line":41},"9":{"loc":{"start":{"line":50,"column":4},"end":{"line":53,"column":5}},"type":"if","locations":[{"start":{"line":50,"column":4},"end":{"line":53,"column":5}},{"start":{},"end":{}}],"line":50},"10":{"loc":{"start":{"line":50,"column":7},"end":{"line":50,"column":65}},"type":"binary-expr","locations":[{"start":{"line":50,"column":7},"end":{"line":50,"column":35}},{"start":{"line":50,"column":39},"end":{"line":50,"column":65}}],"line":50},"11":{"loc":{"start":{"line":56,"column":8},"end":{"line":59,"column":9}},"type":"if","locations":[{"start":{"line":56,"column":8},"end":{"line":59,"column":9}},{"start":{},"end":{}}],"line":56},"12":{"loc":{"start":{"line":69,"column":8},"end":{"line":72,"column":9}},"type":"if","locations":[{"start":{"line":69,"column":8},"end":{"line":72,"column":9}},{"start":{},"end":{}}],"line":69}},"s":{"0":1,"1":1,"2":1,"3":4,"4":4,"5":4,"6":10,"7":3,"8":1,"9":2,"10":1,"11":1,"12":1,"13":1,"14":1,"15":2,"16":0,"17":2,"18":1,"19":1,"20":1,"21":1,"22":0,"23":0,"24":0,"25":0,"26":0,"27":0,"28":0,"29":0,"30":0,"31":0,"32":0,"33":0,"34":0,"35":0,"36":1,"37":2,"38":2,"39":2,"40":2,"41":1,"42":1},"f":{"0":4,"1":2,"2":2,"3":2},"b":{"0":[3,7],"1":[1,1],"2":[0,2],"3":[2,0],"4":[1,1],"5":[2,1],"6":[1,0],"7":[1,1],"8":[0,1],"9":[0,0],"10":[0,0],"11":[0,0],"12":[2,0]},"_coverageSchema":"1a1c01bbd47fc00a2c39e90264f33305004495a9","hash":"af75d61e5bc7ff27cb86dbebca4582b98527e223"}
,"C:\\Users\\ludat\\Desktop\\RS School NodeJS Course\\Task 1. Ciphering CLI tool\\task1\\src\\atbash.js": {"path":"C:\\Users\\ludat\\Desktop\\RS School NodeJS Course\\Task 1. Ciphering CLI tool\\task1\\src\\atbash.js","statementMap":{"0":{"start":{"line":1,"column":15},"end":{"line":21,"column":1}},"1":{"start":{"line":2,"column":14},"end":{"line":2,"column":16}},"2":{"start":{"line":4,"column":4},"end":{"line":18,"column":5}},"3":{"start":{"line":4,"column":16},"end":{"line":4,"column":17}},"4":{"start":{"line":5,"column":21},"end":{"line":5,"column":27}},"5":{"start":{"line":7,"column":8},"end":{"line":17,"column":9}},"6":{"start":{"line":8,"column":12},"end":{"line":8,"column":77}},"7":{"start":{"line":11,"column":13},"end":{"line":17,"column":9}},"8":{"start":{"line":12,"column":12},"end":{"line":12,"column":77}},"9":{"start":{"line":16,"column":12},"end":{"line":16,"column":25}},"10":{"start":{"line":20,"column":4},"end":{"line":20,"column":14}},"11":{"start":{"line":23,"column":0},"end":{"line":23,"column":23}}},"fnMap":{"0":{"name":"(anonymous_0)","decl":{"start":{"line":1,"column":15},"end":{"line":1,"column":16}},"loc":{"start":{"line":1,"column":24},"end":{"line":21,"column":1}},"line":1}},"branchMap":{"0":{"loc":{"start":{"line":7,"column":8},"end":{"line":17,"column":9}},"type":"if","locations":[{"start":{"line":7,"column":8},"end":{"line":17,"column":9}},{"start":{"line":11,"column":13},"end":{"line":17,"column":9}}],"line":7},"1":{"loc":{"start":{"line":11,"column":13},"end":{"line":17,"column":9}},"type":"if","locations":[{"start":{"line":11,"column":13},"end":{"line":17,"column":9}},{"start":{"line":15,"column":13},"end":{"line":17,"column":9}}],"line":11}},"s":{"0":1,"1":5,"2":5,"3":5,"4":15,"5":15,"6":3,"7":12,"8":3,"9":9,"10":5,"11":1},"f":{"0":5},"b":{"0":[3,12],"1":[3,9]},"_coverageSchema":"1a1c01bbd47fc00a2c39e90264f33305004495a9","hash":"96df8313514abba112d26794831e19fa03e31fbc"}
,"C:\\Users\\ludat\\Desktop\\RS School NodeJS Course\\Task 1. Ciphering CLI tool\\task1\\src\\caesar.js": {"path":"C:\\Users\\ludat\\Desktop\\RS School NodeJS Course\\Task 1. Ciphering CLI tool\\task1\\src\\caesar.js","statementMap":{"0":{"start":{"line":1,"column":15},"end":{"line":25,"column":1}},"1":{"start":{"line":2,"column":4},"end":{"line":4,"column":5}},"2":{"start":{"line":3,"column":8},"end":{"line":3,"column":37}},"3":{"start":{"line":6,"column":14},"end":{"line":6,"column":16}},"4":{"start":{"line":8,"column":4},"end":{"line":22,"column":5}},"5":{"start":{"line":8,"column":16},"end":{"line":8,"column":17}},"6":{"start":{"line":9,"column":21},"end":{"line":9,"column":27}},"7":{"start":{"line":11,"column":8},"end":{"line":21,"column":9}},"8":{"start":{"line":12,"column":12},"end":{"line":12,"column":87}},"9":{"start":{"line":15,"column":13},"end":{"line":21,"column":9}},"10":{"start":{"line":16,"column":12},"end":{"line":16,"column":87}},"11":{"start":{"line":20,"column":12},"end":{"line":20,"column":25}},"12":{"start":{"line":24,"column":4},"end":{"line":24,"column":14}},"13":{"start":{"line":27,"column":0},"end":{"line":27,"column":23}}},"fnMap":{"0":{"name":"(anonymous_0)","decl":{"start":{"line":1,"column":15},"end":{"line":1,"column":16}},"loc":{"start":{"line":1,"column":30},"end":{"line":25,"column":1}},"line":1}},"branchMap":{"0":{"loc":{"start":{"line":2,"column":4},"end":{"line":4,"column":5}},"type":"if","locations":[{"start":{"line":2,"column":4},"end":{"line":4,"column":5}},{"start":{},"end":{}}],"line":2},"1":{"loc":{"start":{"line":11,"column":8},"end":{"line":21,"column":9}},"type":"if","locations":[{"start":{"line":11,"column":8},"end":{"line":21,"column":9}},{"start":{"line":15,"column":13},"end":{"line":21,"column":9}}],"line":11},"2":{"loc":{"start":{"line":15,"column":13},"end":{"line":21,"column":9}},"type":"if","locations":[{"start":{"line":15,"column":13},"end":{"line":21,"column":9}},{"start":{"line":19,"column":13},"end":{"line":21,"column":9}}],"line":15}},"s":{"0":1,"1":8,"2":0,"3":8,"4":8,"5":8,"6":24,"7":24,"8":12,"9":12,"10":12,"11":0,"12":8,"13":1},"f":{"0":8},"b":{"0":[0,8],"1":[12,12],"2":[12,0]},"_coverageSchema":"1a1c01bbd47fc00a2c39e90264f33305004495a9","hash":"f17c7fc8af9b8dc3a85cee8717cd99125a8dc397"}
}
