TN:
SF:src\arguments.js
FN:4,(anonymous_0)
FN:14,(anonymous_1)
FN:29,(anonymous_2)
FN:63,(anonymous_3)
FNF:4
FNH:4
FNDA:4,(anonymous_0)
FNDA:2,(anonymous_1)
FNDA:2,(anonymous_2)
FNDA:2,(anonymous_3)
DA:1,1
DA:2,1
DA:4,1
DA:5,4
DA:7,4
DA:8,10
DA:9,3
DA:14,1
DA:15,2
DA:16,1
DA:17,1
DA:21,1
DA:23,1
DA:29,1
DA:30,2
DA:32,2
DA:33,1
DA:34,1
DA:37,1
DA:41,1
DA:42,0
DA:43,0
DA:46,0
DA:47,0
DA:48,0
DA:50,0
DA:51,0
DA:52,0
DA:55,0
DA:56,0
DA:57,0
DA:58,0
DA:63,1
DA:64,2
DA:65,2
DA:69,2
DA:70,2
DA:81,1
DA:85,1
LF:39
LH:27
BRDA:8,0,0,3
BRDA:8,0,1,7
BRDA:15,1,0,1
BRDA:15,1,1,1
BRDA:30,2,0,0
BRDA:30,2,1,2
BRDA:30,3,0,2
BRDA:30,3,1,0
BRDA:32,4,0,1
BRDA:32,4,1,1
BRDA:32,5,0,2
BRDA:32,5,1,1
BRDA:33,6,0,1
BRDA:33,6,1,0
BRDA:33,7,0,1
BRDA:33,7,1,1
BRDA:41,8,0,0
BRDA:41,8,1,1
BRDA:50,9,0,0
BRDA:50,9,1,0
BRDA:50,10,0,0
BRDA:50,10,1,0
BRDA:56,11,0,0
BRDA:56,11,1,0
BRDA:69,12,0,2
BRDA:69,12,1,0
BRF:26
BRH:15
end_of_record
TN:
SF:src\atbash.js
FN:1,(anonymous_0)
FNF:1
FNH:1
FNDA:5,(anonymous_0)
DA:1,1
DA:2,5
DA:4,5
DA:5,15
DA:7,15
DA:8,3
DA:11,12
DA:12,3
DA:16,9
DA:20,5
DA:23,1
LF:11
LH:11
BRDA:7,0,0,3
BRDA:7,0,1,12
BRDA:11,1,0,3
BRDA:11,1,1,9
BRF:4
BRH:4
end_of_record
TN:
SF:src\caesar.js
FN:1,(anonymous_0)
FNF:1
FNH:1
FNDA:8,(anonymous_0)
DA:1,1
DA:2,8
DA:3,0
DA:6,8
DA:8,8
DA:9,24
DA:11,24
DA:12,12
DA:15,12
DA:16,12
DA:20,0
DA:24,8
DA:27,1
LF:13
LH:11
BRDA:2,0,0,0
BRDA:2,0,1,8
BRDA:11,1,0,12
BRDA:11,1,1,12
BRDA:15,2,0,12
BRDA:15,2,1,0
BRF:6
BRH:4
end_of_record
